<?xml version="1.0" encoding="UTF-8"?>
<testsuite name="com.jalasoft.todoly.credentials.KeywordDrivenTest" tests="1" skipped="0" failures="0" errors="0" timestamp="2022-07-05T21:29:11" hostname="DESKTOP-01VSN5H" time="3.583">
  <properties/>
  <testcase name="getProjectById" classname="com.jalasoft.todoly.credentials.KeywordDrivenTest" time="3.583"/>
  <system-out><![CDATA[baseUri
basePath
endpoint
request
obtainProject
]]></system-out>
  <system-err><![CDATA[]]></system-err>
</testsuite>
